Hmm ... looks like a package

This is pdfTeX, Version 3.14159265-2.6-1.40.18 (TeX Live 2017) (preloaded format=pdflatex)
 restricted \write18 enabled.
entering extended mode
LaTeX2e <2017-04-15>
Babel <3.10> and hyphenation patterns for 84 language(s) loaded.
(./Rd2.tex
(/usr/local/texlive/2017/texmf-dist/tex/latex/base/book.cls
Document Class: book 2014/09/29 v1.4h Standard LaTeX document class
(/usr/local/texlive/2017/texmf-dist/tex/latex/base/bk10.clo))
(/Library/Frameworks/R.framework/Resources/share/texmf/tex/latex/Rd.sty
(/usr/local/texlive/2017/texmf-dist/tex/latex/base/ifthen.sty)
(/usr/local/texlive/2017/texmf-dist/tex/latex/tools/longtable.sty)
(/usr/local/texlive/2017/texmf-dist/tex/latex/tools/bm.sty)
(/usr/local/texlive/2017/texmf-dist/tex/latex/base/alltt.sty)
(/usr/local/texlive/2017/texmf-dist/tex/latex/tools/verbatim.sty)
(/usr/local/texlive/2017/texmf-dist/tex/latex/url/url.sty)
(/usr/local/texlive/2017/texmf-dist/tex/latex/base/textcomp.sty
(/usr/local/texlive/2017/texmf-dist/tex/latex/base/ts1enc.def))
(/usr/local/texlive/2017/texmf-dist/tex/latex/base/fontenc.sty
(/usr/local/texlive/2017/texmf-dist/tex/latex/base/t1enc.def))
(/usr/local/texlive/2017/texmf-dist/tex/latex/psnfss/times.sty)
(/usr/local/texlive/2017/texmf-dist/tex/latex/inconsolata/zi4.sty
`inconsolata-zi4' v1.112, 2017/01/04 Text macros for Inconsolata (msharpe)
(/usr/local/texlive/2017/texmf-dist/tex/latex/xkeyval/xkeyval.sty
(/usr/local/texlive/2017/texmf-dist/tex/generic/xkeyval/xkeyval.tex
(/usr/local/texlive/2017/texmf-dist/tex/generic/xkeyval/xkvutils.tex
(/usr/local/texlive/2017/texmf-dist/tex/generic/xkeyval/keyval.tex)))))
(/usr/local/texlive/2017/texmf-dist/tex/latex/graphics/color.sty
(/usr/local/texlive/2017/texmf-dist/tex/latex/graphics-cfg/color.cfg)
(/usr/local/texlive/2017/texmf-dist/tex/latex/graphics-def/pdftex.def
(/usr/local/texlive/2017/texmf-dist/tex/generic/oberdiek/infwarerr.sty)
(/usr/local/texlive/2017/texmf-dist/tex/generic/oberdiek/ltxcmds.sty)))
(/usr/local/texlive/2017/texmf-dist/tex/latex/hyperref/hyperref.sty
(/usr/local/texlive/2017/texmf-dist/tex/generic/oberdiek/hobsub-hyperref.sty
(/usr/local/texlive/2017/texmf-dist/tex/generic/oberdiek/hobsub-generic.sty))
(/usr/local/texlive/2017/texmf-dist/tex/generic/ifxetex/ifxetex.sty)
(/usr/local/texlive/2017/texmf-dist/tex/latex/oberdiek/auxhook.sty)
(/usr/local/texlive/2017/texmf-dist/tex/latex/oberdiek/kvoptions.sty)
(/usr/local/texlive/2017/texmf-dist/tex/latex/hyperref/pd1enc.def)
(/usr/local/texlive/2017/texmf-dist/tex/latex/latexconfig/hyperref.cfg))

Package hyperref Message: Driver (autodetected): hpdftex.

(/usr/local/texlive/2017/texmf-dist/tex/latex/hyperref/hpdftex.def
(/usr/local/texlive/2017/texmf-dist/tex/latex/oberdiek/rerunfilecheck.sty))

Package hyperref Warning: Option `hyperindex' has already been used,
(hyperref)                setting the option has no effect on input line 366.


Package hyperref Warning: Option `pagebackref' has already been used,
(hyperref)                setting the option has no effect on input line 366.

) (/usr/local/texlive/2017/texmf-dist/tex/latex/base/makeidx.sty)
(/usr/local/texlive/2017/texmf-dist/tex/latex/base/inputenc.sty
(/usr/local/texlive/2017/texmf-dist/tex/latex/base/utf8.def
(/usr/local/texlive/2017/texmf-dist/tex/latex/base/t1enc.dfu)
(/usr/local/texlive/2017/texmf-dist/tex/latex/base/ot1enc.dfu)
(/usr/local/texlive/2017/texmf-dist/tex/latex/base/omsenc.dfu)
(/usr/local/texlive/2017/texmf-dist/tex/latex/base/ts1enc.dfu))
(/usr/local/texlive/2017/texmf-dist/tex/latex/base/latin1.def))
Writing index file Rd2.idx
No file Rd2.aux.
(/usr/local/texlive/2017/texmf-dist/tex/latex/base/ts1cmr.fd)
(/usr/local/texlive/2017/texmf-dist/tex/latex/psnfss/t1ptm.fd)
(/usr/local/texlive/2017/texmf-dist/tex/context/base/mkii/supp-pdf.mkii
[Loading MPS to PDF converter (version 2006.09.02).]
) (/usr/local/texlive/2017/texmf-dist/tex/latex/hyperref/nameref.sty
(/usr/local/texlive/2017/texmf-dist/tex/generic/oberdiek/gettitlestring.sty))
(/usr/local/texlive/2017/texmf-dist/tex/latex/inconsolata/t1zi4.fd)
(/usr/local/texlive/2017/texmf-dist/tex/latex/psnfss/ts1ptm.fd) [1{/usr/local/t
exlive/2017/texmf-var/fonts/map/pdftex/updmap/pdftex.map}]
(/usr/local/texlive/2017/texmf-dist/tex/latex/psnfss/t1phv.fd)
(/usr/local/texlive/2017/texmf-dist/tex/latex/base/utf8.def)
Overfull \hbox (6.98746pt too wide) in paragraph at lines 76--79
[]\T1/ptm/m/n/10 A char-ac-ter with the mode of SNPs se-lec-tion. Pos-si-ble va
l-ues are \T1/zi4/m/n/10 "significant"\T1/ptm/m/n/10 ,
(/usr/local/texlive/2017/texmf-dist/tex/latex/base/utf8.def) [2]
Overfull \hbox (6.98746pt too wide) in paragraph at lines 117--120
[]\T1/ptm/m/n/10 A char-ac-ter with the mode of SNPs se-lec-tion. Pos-si-ble va
l-ues are \T1/zi4/m/n/10 "significant"\T1/ptm/m/n/10 ,

Overfull \hbox (18.89798pt too wide) in paragraph at lines 128--133
\T1/ptm/m/n/10 NCBI database. The de-fault value is \T1/zi4/m/n/10 500\T1/ptm/m
/n/10 . See also the help page for \T1/zi4/m/n/10 NCBI_snp_query
(/usr/local/texlive/2017/texmf-dist/tex/latex/base/utf8.def) [3]
(/usr/local/texlive/2017/texmf-dist/tex/latex/base/utf8.def) [4]
(/usr/local/texlive/2017/texmf-dist/tex/latex/base/utf8.def)
(/usr/local/texlive/2017/texmf-dist/tex/latex/base/utf8.def) [5]
(/usr/local/texlive/2017/texmf-dist/tex/latex/base/utf8.def)
(/usr/local/texlive/2017/texmf-dist/tex/latex/base/utf8.def) [6]
(/usr/local/texlive/2017/texmf-dist/tex/latex/base/utf8.def)
(/usr/local/texlive/2017/texmf-dist/tex/latex/base/utf8.def) [7] [8]
(/usr/local/texlive/2017/texmf-dist/tex/latex/base/utf8.def)
(/usr/local/texlive/2017/texmf-dist/tex/latex/base/utf8.def) [9]
(/usr/local/texlive/2017/texmf-dist/tex/latex/base/utf8.def)
(/usr/local/texlive/2017/texmf-dist/tex/latex/base/utf8.def) [10] [11]
(/usr/local/texlive/2017/texmf-dist/tex/latex/base/utf8.def)
(/usr/local/texlive/2017/texmf-dist/tex/latex/inconsolata/ts1zi4.fd)
(/usr/local/texlive/2017/texmf-dist/tex/latex/base/utf8.def) [12]
(/usr/local/texlive/2017/texmf-dist/tex/latex/base/utf8.def) [13]
(/usr/local/texlive/2017/texmf-dist/tex/latex/base/utf8.def) [14]
(/usr/local/texlive/2017/texmf-dist/tex/latex/base/utf8.def) [15]
(/usr/local/texlive/2017/texmf-dist/tex/latex/base/utf8.def) [16]
(/usr/local/texlive/2017/texmf-dist/tex/latex/base/utf8.def) [17]
(/usr/local/texlive/2017/texmf-dist/tex/latex/base/utf8.def) [18]
Overfull \hbox (32.37822pt too wide) in paragraph at lines 1096--1100
[]\T1/ptm/m/n/10 A char-ac-ter, the out-put for-mat. Pos-si-ble val-ues are \T1
/zi4/m/n/10 "df"\T1/ptm/m/n/10 , \T1/zi4/m/n/10 "outfile" \T1/ptm/m/n/10 and \T
1/zi4/m/n/10 "outfile.gz"\T1/ptm/m/n/10 .

Overfull \hbox (42.7677pt too wide) in paragraph at lines 1126--1130
[]\T1/zi4/m/n/10 solarAssoc \T1/ptm/m/n/10 func-tion ac-cepts in-put ge-netic d
ata in three for-mats: SO-LAR (\T1/zi4/m/n/10 genocov.files\T1/ptm/m/n/10 , \T1
/zi4/m/n/10 snplists.files\T1/ptm/m/n/10 ,
[19] (/usr/local/texlive/2017/texmf-dist/tex/latex/base/utf8.def)
(/usr/local/texlive/2017/texmf-dist/tex/latex/base/utf8.def) [20]
(/usr/local/texlive/2017/texmf-dist/tex/latex/base/utf8.def)
(/usr/local/texlive/2017/texmf-dist/tex/latex/base/utf8.def) [21] [22]
(/usr/local/texlive/2017/texmf-dist/tex/latex/base/utf8.def) [23]
(/usr/local/texlive/2017/texmf-dist/tex/latex/base/utf8.def) [24]
(/usr/local/texlive/2017/texmf-dist/tex/latex/base/utf8.def)
(/usr/local/texlive/2017/texmf-dist/tex/latex/base/utf8.def) [25]
(/usr/local/texlive/2017/texmf-dist/tex/latex/base/utf8.def) [26]
Overfull \hbox (152.56828pt too wide) in paragraph at lines 1594--1599
\T1/ptm/m/n/10 the SO-LAR for-mat, for ex-am-ple, \T1/zi4/m/n/10 "age^1,2,3#sex
" \T1/ptm/m/n/10 that means \T1/zi4/m/n/10 sex age agesex age^2 age^2sex age^3 
age^3*sex\T1/ptm/m/n/10 .

Overfull \hbox (17.93784pt too wide) in paragraph at lines 1606--1610
[]\T1/ptm/m/n/10 a log-i-cal value, in-di-cat-ing whether to screen the fixed e
f-fects (co-vari-ates). \T1/zi4/m/n/10 polygenic

Overfull \hbox (11.56747pt too wide) in paragraph at lines 1623--1627
\T1/ptm/m/n/10 traits. A list of avail-able trans-forms is re-turned by func-ti
on [][]\T1/zi4/m/n/10 availableTransforms[][][]\T1/ptm/m/n/10 .

Overfull \hbox (0.29834pt too wide) in paragraph at lines 1628--1634
\T1/ptm/m/n/10 pa-ram-e-ter makes the \T1/zi4/m/n/10 polygenic \T1/ptm/m/n/10 S
O-LAR call to be like \T1/zi4/m/n/10 polygenic -prob 0.05\T1/ptm/m/n/10 . 

Overfull \hbox (19.34921pt too wide) in paragraph at lines 1640--1646
\T1/ptm/m/n/10 set-ting this pa-ram-e-ter to \T1/zi4/m/n/10 "-testrhoe -testrho
g -testrhoc -testrhop -rhopse"\T1/ptm/m/n/10 .

Overfull \hbox (7.88083pt too wide) in paragraph at lines 1640--1646
\T1/zi4/m/n/10 solar . txbiomedgenetics . org / doc / 91 . appendix _ 1 _ text 
. html # polygenic$[][]\T1/ptm/m/n/10 ).

Overfull \hbox (24.84789pt too wide) in paragraph at lines 1650--1653
[]\T1/ptm/m/n/10 additional pa-ram-e-ters to be passed to other func-tions call
ed in-side of \T1/zi4/m/n/10 solarPolygenic\T1/ptm/m/n/10 .
[27] (/usr/local/texlive/2017/texmf-dist/tex/latex/base/utf8.def) [28]
(/usr/local/texlive/2017/texmf-dist/tex/latex/base/utf8.def)
(/usr/local/texlive/2017/texmf-dist/tex/latex/base/utf8.def)
(/usr/local/texlive/2017/texmf-dist/tex/latex/base/utf8.def) [29]
Overfull \hbox (24.0595pt too wide) in paragraph at lines 1808--1811
\T1/zi4/m/n/10 transformData\T1/ptm/m/n/10 . For ex-am-ple, it might be a pa-ra
m-e-ter \T1/zi4/m/n/10 log.base \T1/ptm/m/n/10 for [][]\T1/zi4/m/n/10 transform
Trait[][][]
(/usr/local/texlive/2017/texmf-dist/tex/latex/base/utf8.def) [30]
No file Rd2.ind.
[31] (./Rd2.aux)

Package rerunfilecheck Warning: File `Rd2.out' has changed.
(rerunfilecheck)                Rerun to get outlines right
(rerunfilecheck)                or use package `bookmark'.

 )
(see the transcript file for additional information){/usr/local/texlive/2017/te
xmf-dist/fonts/enc/dvips/inconsolata/i4-ts1.enc}{/usr/local/texlive/2017/texmf-
dist/fonts/enc/dvips/base/8r.enc}{/usr/local/texlive/2017/texmf-dist/fonts/enc/
dvips/inconsolata/i4-t1-0.enc}</usr/local/texlive/2017/texmf-dist/fonts/type1/p
ublic/inconsolata/Inconsolata-zi4r.pfb></usr/local/texlive/2017/texmf-dist/font
s/type1/urw/helvetic/uhvr8a.pfb></usr/local/texlive/2017/texmf-dist/fonts/type1
/urw/times/utmb8a.pfb></usr/local/texlive/2017/texmf-dist/fonts/type1/urw/times
/utmr8a.pfb></usr/local/texlive/2017/texmf-dist/fonts/type1/urw/times/utmr8a.pf
b></usr/local/texlive/2017/texmf-dist/fonts/type1/urw/times/utmri8a.pfb>
Output written on Rd2.pdf (31 pages, 150508 bytes).
Transcript written on Rd2.log.
This is makeindex, version 2.15 [TeX Live 2017] (kpathsea + Thai support).
Scanning input file Rd2.idx....done (107 entries accepted, 0 rejected).
Sorting entries....done (740 comparisons).
Generating output file Rd2.ind....done (173 lines written, 1 warning).
Output written in Rd2.ind.
Transcript written in Rd2.ilg.
This is pdfTeX, Version 3.14159265-2.6-1.40.18 (TeX Live 2017) (preloaded format=pdflatex)
 restricted \write18 enabled.
entering extended mode
LaTeX2e <2017-04-15>
Babel <3.10> and hyphenation patterns for 84 language(s) loaded.
(./Rd2.tex
(/usr/local/texlive/2017/texmf-dist/tex/latex/base/book.cls
Document Class: book 2014/09/29 v1.4h Standard LaTeX document class
(/usr/local/texlive/2017/texmf-dist/tex/latex/base/bk10.clo))
(/Library/Frameworks/R.framework/Resources/share/texmf/tex/latex/Rd.sty
(/usr/local/texlive/2017/texmf-dist/tex/latex/base/ifthen.sty)
(/usr/local/texlive/2017/texmf-dist/tex/latex/tools/longtable.sty)
(/usr/local/texlive/2017/texmf-dist/tex/latex/tools/bm.sty)
(/usr/local/texlive/2017/texmf-dist/tex/latex/base/alltt.sty)
(/usr/local/texlive/2017/texmf-dist/tex/latex/tools/verbatim.sty)
(/usr/local/texlive/2017/texmf-dist/tex/latex/url/url.sty)
(/usr/local/texlive/2017/texmf-dist/tex/latex/base/textcomp.sty
(/usr/local/texlive/2017/texmf-dist/tex/latex/base/ts1enc.def))
(/usr/local/texlive/2017/texmf-dist/tex/latex/base/fontenc.sty
(/usr/local/texlive/2017/texmf-dist/tex/latex/base/t1enc.def))
(/usr/local/texlive/2017/texmf-dist/tex/latex/psnfss/times.sty)
(/usr/local/texlive/2017/texmf-dist/tex/latex/inconsolata/zi4.sty
`inconsolata-zi4' v1.112, 2017/01/04 Text macros for Inconsolata (msharpe)
(/usr/local/texlive/2017/texmf-dist/tex/latex/xkeyval/xkeyval.sty
(/usr/local/texlive/2017/texmf-dist/tex/generic/xkeyval/xkeyval.tex
(/usr/local/texlive/2017/texmf-dist/tex/generic/xkeyval/xkvutils.tex
(/usr/local/texlive/2017/texmf-dist/tex/generic/xkeyval/keyval.tex)))))
(/usr/local/texlive/2017/texmf-dist/tex/latex/graphics/color.sty
(/usr/local/texlive/2017/texmf-dist/tex/latex/graphics-cfg/color.cfg)
(/usr/local/texlive/2017/texmf-dist/tex/latex/graphics-def/pdftex.def
(/usr/local/texlive/2017/texmf-dist/tex/generic/oberdiek/infwarerr.sty)
(/usr/local/texlive/2017/texmf-dist/tex/generic/oberdiek/ltxcmds.sty)))
(/usr/local/texlive/2017/texmf-dist/tex/latex/hyperref/hyperref.sty
(/usr/local/texlive/2017/texmf-dist/tex/generic/oberdiek/hobsub-hyperref.sty
(/usr/local/texlive/2017/texmf-dist/tex/generic/oberdiek/hobsub-generic.sty))
(/usr/local/texlive/2017/texmf-dist/tex/generic/ifxetex/ifxetex.sty)
(/usr/local/texlive/2017/texmf-dist/tex/latex/oberdiek/auxhook.sty)
(/usr/local/texlive/2017/texmf-dist/tex/latex/oberdiek/kvoptions.sty)
(/usr/local/texlive/2017/texmf-dist/tex/latex/hyperref/pd1enc.def)
(/usr/local/texlive/2017/texmf-dist/tex/latex/latexconfig/hyperref.cfg))

Package hyperref Message: Driver (autodetected): hpdftex.

(/usr/local/texlive/2017/texmf-dist/tex/latex/hyperref/hpdftex.def
(/usr/local/texlive/2017/texmf-dist/tex/latex/oberdiek/rerunfilecheck.sty))

Package hyperref Warning: Option `hyperindex' has already been used,
(hyperref)                setting the option has no effect on input line 366.


Package hyperref Warning: Option `pagebackref' has already been used,
(hyperref)                setting the option has no effect on input line 366.

) (/usr/local/texlive/2017/texmf-dist/tex/latex/base/makeidx.sty)
(/usr/local/texlive/2017/texmf-dist/tex/latex/base/inputenc.sty
(/usr/local/texlive/2017/texmf-dist/tex/latex/base/utf8.def
(/usr/local/texlive/2017/texmf-dist/tex/latex/base/t1enc.dfu)
(/usr/local/texlive/2017/texmf-dist/tex/latex/base/ot1enc.dfu)
(/usr/local/texlive/2017/texmf-dist/tex/latex/base/omsenc.dfu)
(/usr/local/texlive/2017/texmf-dist/tex/latex/base/ts1enc.dfu))
(/usr/local/texlive/2017/texmf-dist/tex/latex/base/latin1.def))
Writing index file Rd2.idx
(./Rd2.aux) (/usr/local/texlive/2017/texmf-dist/tex/latex/base/ts1cmr.fd)
(/usr/local/texlive/2017/texmf-dist/tex/latex/psnfss/t1ptm.fd)
(/usr/local/texlive/2017/texmf-dist/tex/context/base/mkii/supp-pdf.mkii
[Loading MPS to PDF converter (version 2006.09.02).]
) (/usr/local/texlive/2017/texmf-dist/tex/latex/hyperref/nameref.sty
(/usr/local/texlive/2017/texmf-dist/tex/generic/oberdiek/gettitlestring.sty))
(./Rd2.out) (./Rd2.out)
(/usr/local/texlive/2017/texmf-dist/tex/latex/inconsolata/t1zi4.fd)
(/usr/local/texlive/2017/texmf-dist/tex/latex/psnfss/ts1ptm.fd) [1{/usr/local/t
exlive/2017/texmf-var/fonts/map/pdftex/updmap/pdftex.map}]
(/usr/local/texlive/2017/texmf-dist/tex/latex/psnfss/t1phv.fd) (./Rd2.toc)
(/usr/local/texlive/2017/texmf-dist/tex/latex/base/utf8.def) [2]
Overfull \hbox (6.98746pt too wide) in paragraph at lines 76--79
[]\T1/ptm/m/n/10 A char-ac-ter with the mode of SNPs se-lec-tion. Pos-si-ble va
l-ues are \T1/zi4/m/n/10 "significant"\T1/ptm/m/n/10 ,
(/usr/local/texlive/2017/texmf-dist/tex/latex/base/utf8.def)
Overfull \hbox (6.98746pt too wide) in paragraph at lines 117--120
[]\T1/ptm/m/n/10 A char-ac-ter with the mode of SNPs se-lec-tion. Pos-si-ble va
l-ues are \T1/zi4/m/n/10 "significant"\T1/ptm/m/n/10 ,
[3]
Overfull \hbox (18.89798pt too wide) in paragraph at lines 128--133
\T1/ptm/m/n/10 NCBI database. The de-fault value is \T1/zi4/m/n/10 500\T1/ptm/m
/n/10 . See also the help page for \T1/zi4/m/n/10 NCBI_snp_query
(/usr/local/texlive/2017/texmf-dist/tex/latex/base/utf8.def)
(/usr/local/texlive/2017/texmf-dist/tex/latex/base/utf8.def) [4] [5]
(/usr/local/texlive/2017/texmf-dist/tex/latex/base/utf8.def)
(/usr/local/texlive/2017/texmf-dist/tex/latex/base/utf8.def) [6]
(/usr/local/texlive/2017/texmf-dist/tex/latex/base/utf8.def)
(/usr/local/texlive/2017/texmf-dist/tex/latex/base/utf8.def) [7]
(/usr/local/texlive/2017/texmf-dist/tex/latex/base/utf8.def)
(/usr/local/texlive/2017/texmf-dist/tex/latex/base/utf8.def) [8] [9]
(/usr/local/texlive/2017/texmf-dist/tex/latex/base/utf8.def)
(/usr/local/texlive/2017/texmf-dist/tex/latex/base/utf8.def) [10]
(/usr/local/texlive/2017/texmf-dist/tex/latex/base/utf8.def)
(/usr/local/texlive/2017/texmf-dist/tex/latex/base/utf8.def) [11] [12]
(/usr/local/texlive/2017/texmf-dist/tex/latex/base/utf8.def)
(/usr/local/texlive/2017/texmf-dist/tex/latex/inconsolata/ts1zi4.fd)
(/usr/local/texlive/2017/texmf-dist/tex/latex/base/utf8.def) [13]
(/usr/local/texlive/2017/texmf-dist/tex/latex/base/utf8.def) [14]
(/usr/local/texlive/2017/texmf-dist/tex/latex/base/utf8.def) [15]
(/usr/local/texlive/2017/texmf-dist/tex/latex/base/utf8.def) [16]
(/usr/local/texlive/2017/texmf-dist/tex/latex/base/utf8.def) [17]
(/usr/local/texlive/2017/texmf-dist/tex/latex/base/utf8.def) [18]
(/usr/local/texlive/2017/texmf-dist/tex/latex/base/utf8.def) [19]
Overfull \hbox (32.37822pt too wide) in paragraph at lines 1096--1100
[]\T1/ptm/m/n/10 A char-ac-ter, the out-put for-mat. Pos-si-ble val-ues are \T1
/zi4/m/n/10 "df"\T1/ptm/m/n/10 , \T1/zi4/m/n/10 "outfile" \T1/ptm/m/n/10 and \T
1/zi4/m/n/10 "outfile.gz"\T1/ptm/m/n/10 .

Overfull \hbox (42.7677pt too wide) in paragraph at lines 1126--1130
[]\T1/zi4/m/n/10 solarAssoc \T1/ptm/m/n/10 func-tion ac-cepts in-put ge-netic d
ata in three for-mats: SO-LAR (\T1/zi4/m/n/10 genocov.files\T1/ptm/m/n/10 , \T1
/zi4/m/n/10 snplists.files\T1/ptm/m/n/10 ,
[20] (/usr/local/texlive/2017/texmf-dist/tex/latex/base/utf8.def)
(/usr/local/texlive/2017/texmf-dist/tex/latex/base/utf8.def) [21]
(/usr/local/texlive/2017/texmf-dist/tex/latex/base/utf8.def)
(/usr/local/texlive/2017/texmf-dist/tex/latex/base/utf8.def) [22] [23]
(/usr/local/texlive/2017/texmf-dist/tex/latex/base/utf8.def) [24]
(/usr/local/texlive/2017/texmf-dist/tex/latex/base/utf8.def) [25]
(/usr/local/texlive/2017/texmf-dist/tex/latex/base/utf8.def)
(/usr/local/texlive/2017/texmf-dist/tex/latex/base/utf8.def) [26]
(/usr/local/texlive/2017/texmf-dist/tex/latex/base/utf8.def) [27]
Overfull \hbox (152.56828pt too wide) in paragraph at lines 1594--1599
\T1/ptm/m/n/10 the SO-LAR for-mat, for ex-am-ple, \T1/zi4/m/n/10 "age^1,2,3#sex
" \T1/ptm/m/n/10 that means \T1/zi4/m/n/10 sex age agesex age^2 age^2sex age^3 
age^3*sex\T1/ptm/m/n/10 .

Overfull \hbox (17.93784pt too wide) in paragraph at lines 1606--1610
[]\T1/ptm/m/n/10 a log-i-cal value, in-di-cat-ing whether to screen the fixed e
f-fects (co-vari-ates). \T1/zi4/m/n/10 polygenic

Overfull \hbox (11.56747pt too wide) in paragraph at lines 1623--1627
\T1/ptm/m/n/10 traits. A list of avail-able trans-forms is re-turned by func-ti
on [][]\T1/zi4/m/n/10 availableTransforms[][][]\T1/ptm/m/n/10 .

Overfull \hbox (0.29834pt too wide) in paragraph at lines 1628--1634
\T1/ptm/m/n/10 pa-ram-e-ter makes the \T1/zi4/m/n/10 polygenic \T1/ptm/m/n/10 S
O-LAR call to be like \T1/zi4/m/n/10 polygenic -prob 0.05\T1/ptm/m/n/10 . 

Overfull \hbox (19.34921pt too wide) in paragraph at lines 1640--1646
\T1/ptm/m/n/10 set-ting this pa-ram-e-ter to \T1/zi4/m/n/10 "-testrhoe -testrho
g -testrhoc -testrhop -rhopse"\T1/ptm/m/n/10 .

Overfull \hbox (7.88083pt too wide) in paragraph at lines 1640--1646
\T1/zi4/m/n/10 solar . txbiomedgenetics . org / doc / 91 . appendix _ 1 _ text 
. html # polygenic$[][]\T1/ptm/m/n/10 ).

Overfull \hbox (24.84789pt too wide) in paragraph at lines 1650--1653
[]\T1/ptm/m/n/10 additional pa-ram-e-ters to be passed to other func-tions call
ed in-side of \T1/zi4/m/n/10 solarPolygenic\T1/ptm/m/n/10 .
[28] (/usr/local/texlive/2017/texmf-dist/tex/latex/base/utf8.def) [29]
(/usr/local/texlive/2017/texmf-dist/tex/latex/base/utf8.def)
(/usr/local/texlive/2017/texmf-dist/tex/latex/base/utf8.def)
(/usr/local/texlive/2017/texmf-dist/tex/latex/base/utf8.def) [30]
Overfull \hbox (24.0595pt too wide) in paragraph at lines 1808--1811
\T1/zi4/m/n/10 transformData\T1/ptm/m/n/10 . For ex-am-ple, it might be a pa-ra
m-e-ter \T1/zi4/m/n/10 log.base \T1/ptm/m/n/10 for [][]\T1/zi4/m/n/10 transform
Trait[][][]
(/usr/local/texlive/2017/texmf-dist/tex/latex/base/utf8.def) [31] (./Rd2.ind
[32]

LaTeX Font Warning: Font shape `T1/zi4/m/it' undefined
(Font)              using `T1/zi4/m/n' instead on input line 24.

[33] [34]) (./Rd2.aux)

Package rerunfilecheck Warning: File `Rd2.out' has changed.
(rerunfilecheck)                Rerun to get outlines right
(rerunfilecheck)                or use package `bookmark'.


LaTeX Font Warning: Some font shapes were not available, defaults substituted.

 )
(see the transcript file for additional information){/usr/local/texlive/2017/te
xmf-dist/fonts/enc/dvips/inconsolata/i4-ts1.enc}{/usr/local/texlive/2017/texmf-
dist/fonts/enc/dvips/base/8r.enc}{/usr/local/texlive/2017/texmf-dist/fonts/enc/
dvips/inconsolata/i4-t1-0.enc}</usr/local/texlive/2017/texmf-dist/fonts/type1/p
ublic/inconsolata/Inconsolata-zi4r.pfb></usr/local/texlive/2017/texmf-dist/font
s/type1/urw/helvetic/uhvr8a.pfb></usr/local/texlive/2017/texmf-dist/fonts/type1
/urw/times/utmb8a.pfb></usr/local/texlive/2017/texmf-dist/fonts/type1/urw/times
/utmr8a.pfb></usr/local/texlive/2017/texmf-dist/fonts/type1/urw/times/utmr8a.pf
b></usr/local/texlive/2017/texmf-dist/fonts/type1/urw/times/utmri8a.pfb>
Output written on Rd2.pdf (34 pages, 160564 bytes).
Transcript written on Rd2.log.
This is makeindex, version 2.15 [TeX Live 2017] (kpathsea + Thai support).
Scanning input file Rd2.idx....done (107 entries accepted, 0 rejected).
Sorting entries....done (740 comparisons).
Generating output file Rd2.ind....done (173 lines written, 2 warnings).
Output written in Rd2.ind.
Transcript written in Rd2.ilg.
This is pdfTeX, Version 3.14159265-2.6-1.40.18 (TeX Live 2017) (preloaded format=pdflatex)
 restricted \write18 enabled.
entering extended mode
LaTeX2e <2017-04-15>
Babel <3.10> and hyphenation patterns for 84 language(s) loaded.
(./Rd2.tex
(/usr/local/texlive/2017/texmf-dist/tex/latex/base/book.cls
Document Class: book 2014/09/29 v1.4h Standard LaTeX document class
(/usr/local/texlive/2017/texmf-dist/tex/latex/base/bk10.clo))
(/Library/Frameworks/R.framework/Resources/share/texmf/tex/latex/Rd.sty
(/usr/local/texlive/2017/texmf-dist/tex/latex/base/ifthen.sty)
(/usr/local/texlive/2017/texmf-dist/tex/latex/tools/longtable.sty)
(/usr/local/texlive/2017/texmf-dist/tex/latex/tools/bm.sty)
(/usr/local/texlive/2017/texmf-dist/tex/latex/base/alltt.sty)
(/usr/local/texlive/2017/texmf-dist/tex/latex/tools/verbatim.sty)
(/usr/local/texlive/2017/texmf-dist/tex/latex/url/url.sty)
(/usr/local/texlive/2017/texmf-dist/tex/latex/base/textcomp.sty
(/usr/local/texlive/2017/texmf-dist/tex/latex/base/ts1enc.def))
(/usr/local/texlive/2017/texmf-dist/tex/latex/base/fontenc.sty
(/usr/local/texlive/2017/texmf-dist/tex/latex/base/t1enc.def))
(/usr/local/texlive/2017/texmf-dist/tex/latex/psnfss/times.sty)
(/usr/local/texlive/2017/texmf-dist/tex/latex/inconsolata/zi4.sty
`inconsolata-zi4' v1.112, 2017/01/04 Text macros for Inconsolata (msharpe)
(/usr/local/texlive/2017/texmf-dist/tex/latex/xkeyval/xkeyval.sty
(/usr/local/texlive/2017/texmf-dist/tex/generic/xkeyval/xkeyval.tex
(/usr/local/texlive/2017/texmf-dist/tex/generic/xkeyval/xkvutils.tex
(/usr/local/texlive/2017/texmf-dist/tex/generic/xkeyval/keyval.tex)))))
(/usr/local/texlive/2017/texmf-dist/tex/latex/graphics/color.sty
(/usr/local/texlive/2017/texmf-dist/tex/latex/graphics-cfg/color.cfg)
(/usr/local/texlive/2017/texmf-dist/tex/latex/graphics-def/pdftex.def
(/usr/local/texlive/2017/texmf-dist/tex/generic/oberdiek/infwarerr.sty)
(/usr/local/texlive/2017/texmf-dist/tex/generic/oberdiek/ltxcmds.sty)))
(/usr/local/texlive/2017/texmf-dist/tex/latex/hyperref/hyperref.sty
(/usr/local/texlive/2017/texmf-dist/tex/generic/oberdiek/hobsub-hyperref.sty
(/usr/local/texlive/2017/texmf-dist/tex/generic/oberdiek/hobsub-generic.sty))
(/usr/local/texlive/2017/texmf-dist/tex/generic/ifxetex/ifxetex.sty)
(/usr/local/texlive/2017/texmf-dist/tex/latex/oberdiek/auxhook.sty)
(/usr/local/texlive/2017/texmf-dist/tex/latex/oberdiek/kvoptions.sty)
(/usr/local/texlive/2017/texmf-dist/tex/latex/hyperref/pd1enc.def)
(/usr/local/texlive/2017/texmf-dist/tex/latex/latexconfig/hyperref.cfg))

Package hyperref Message: Driver (autodetected): hpdftex.

(/usr/local/texlive/2017/texmf-dist/tex/latex/hyperref/hpdftex.def
(/usr/local/texlive/2017/texmf-dist/tex/latex/oberdiek/rerunfilecheck.sty))

Package hyperref Warning: Option `hyperindex' has already been used,
(hyperref)                setting the option has no effect on input line 366.


Package hyperref Warning: Option `pagebackref' has already been used,
(hyperref)                setting the option has no effect on input line 366.

) (/usr/local/texlive/2017/texmf-dist/tex/latex/base/makeidx.sty)
(/usr/local/texlive/2017/texmf-dist/tex/latex/base/inputenc.sty
(/usr/local/texlive/2017/texmf-dist/tex/latex/base/utf8.def
(/usr/local/texlive/2017/texmf-dist/tex/latex/base/t1enc.dfu)
(/usr/local/texlive/2017/texmf-dist/tex/latex/base/ot1enc.dfu)
(/usr/local/texlive/2017/texmf-dist/tex/latex/base/omsenc.dfu)
(/usr/local/texlive/2017/texmf-dist/tex/latex/base/ts1enc.dfu))
(/usr/local/texlive/2017/texmf-dist/tex/latex/base/latin1.def))
Writing index file Rd2.idx
(./Rd2.aux) (/usr/local/texlive/2017/texmf-dist/tex/latex/base/ts1cmr.fd)
(/usr/local/texlive/2017/texmf-dist/tex/latex/psnfss/t1ptm.fd)
(/usr/local/texlive/2017/texmf-dist/tex/context/base/mkii/supp-pdf.mkii
[Loading MPS to PDF converter (version 2006.09.02).]
) (/usr/local/texlive/2017/texmf-dist/tex/latex/hyperref/nameref.sty
(/usr/local/texlive/2017/texmf-dist/tex/generic/oberdiek/gettitlestring.sty))
(./Rd2.out) (./Rd2.out)
(/usr/local/texlive/2017/texmf-dist/tex/latex/inconsolata/t1zi4.fd)
(/usr/local/texlive/2017/texmf-dist/tex/latex/psnfss/ts1ptm.fd) [1{/usr/local/t
exlive/2017/texmf-var/fonts/map/pdftex/updmap/pdftex.map}]
(/usr/local/texlive/2017/texmf-dist/tex/latex/psnfss/t1phv.fd) (./Rd2.toc)
(/usr/local/texlive/2017/texmf-dist/tex/latex/base/utf8.def) [2]
Overfull \hbox (6.98746pt too wide) in paragraph at lines 76--79
[]\T1/ptm/m/n/10 A char-ac-ter with the mode of SNPs se-lec-tion. Pos-si-ble va
l-ues are \T1/zi4/m/n/10 "significant"\T1/ptm/m/n/10 ,
(/usr/local/texlive/2017/texmf-dist/tex/latex/base/utf8.def)
Overfull \hbox (6.98746pt too wide) in paragraph at lines 117--120
[]\T1/ptm/m/n/10 A char-ac-ter with the mode of SNPs se-lec-tion. Pos-si-ble va
l-ues are \T1/zi4/m/n/10 "significant"\T1/ptm/m/n/10 ,
[3]
Overfull \hbox (18.89798pt too wide) in paragraph at lines 128--133
\T1/ptm/m/n/10 NCBI database. The de-fault value is \T1/zi4/m/n/10 500\T1/ptm/m
/n/10 . See also the help page for \T1/zi4/m/n/10 NCBI_snp_query
(/usr/local/texlive/2017/texmf-dist/tex/latex/base/utf8.def)
(/usr/local/texlive/2017/texmf-dist/tex/latex/base/utf8.def) [4] [5]
(/usr/local/texlive/2017/texmf-dist/tex/latex/base/utf8.def)
(/usr/local/texlive/2017/texmf-dist/tex/latex/base/utf8.def) [6]
(/usr/local/texlive/2017/texmf-dist/tex/latex/base/utf8.def)
(/usr/local/texlive/2017/texmf-dist/tex/latex/base/utf8.def) [7]
(/usr/local/texlive/2017/texmf-dist/tex/latex/base/utf8.def)
(/usr/local/texlive/2017/texmf-dist/tex/latex/base/utf8.def) [8] [9]
(/usr/local/texlive/2017/texmf-dist/tex/latex/base/utf8.def)
(/usr/local/texlive/2017/texmf-dist/tex/latex/base/utf8.def) [10]
(/usr/local/texlive/2017/texmf-dist/tex/latex/base/utf8.def)
(/usr/local/texlive/2017/texmf-dist/tex/latex/base/utf8.def) [11] [12]
(/usr/local/texlive/2017/texmf-dist/tex/latex/base/utf8.def)
(/usr/local/texlive/2017/texmf-dist/tex/latex/inconsolata/ts1zi4.fd)
(/usr/local/texlive/2017/texmf-dist/tex/latex/base/utf8.def) [13]
(/usr/local/texlive/2017/texmf-dist/tex/latex/base/utf8.def) [14]
(/usr/local/texlive/2017/texmf-dist/tex/latex/base/utf8.def) [15]
(/usr/local/texlive/2017/texmf-dist/tex/latex/base/utf8.def) [16]
(/usr/local/texlive/2017/texmf-dist/tex/latex/base/utf8.def) [17]
(/usr/local/texlive/2017/texmf-dist/tex/latex/base/utf8.def) [18]
(/usr/local/texlive/2017/texmf-dist/tex/latex/base/utf8.def) [19]
Overfull \hbox (32.37822pt too wide) in paragraph at lines 1096--1100
[]\T1/ptm/m/n/10 A char-ac-ter, the out-put for-mat. Pos-si-ble val-ues are \T1
/zi4/m/n/10 "df"\T1/ptm/m/n/10 , \T1/zi4/m/n/10 "outfile" \T1/ptm/m/n/10 and \T
1/zi4/m/n/10 "outfile.gz"\T1/ptm/m/n/10 .

Overfull \hbox (42.7677pt too wide) in paragraph at lines 1126--1130
[]\T1/zi4/m/n/10 solarAssoc \T1/ptm/m/n/10 func-tion ac-cepts in-put ge-netic d
ata in three for-mats: SO-LAR (\T1/zi4/m/n/10 genocov.files\T1/ptm/m/n/10 , \T1
/zi4/m/n/10 snplists.files\T1/ptm/m/n/10 ,
[20] (/usr/local/texlive/2017/texmf-dist/tex/latex/base/utf8.def)
(/usr/local/texlive/2017/texmf-dist/tex/latex/base/utf8.def) [21]
(/usr/local/texlive/2017/texmf-dist/tex/latex/base/utf8.def)
(/usr/local/texlive/2017/texmf-dist/tex/latex/base/utf8.def) [22] [23]
(/usr/local/texlive/2017/texmf-dist/tex/latex/base/utf8.def) [24]
(/usr/local/texlive/2017/texmf-dist/tex/latex/base/utf8.def) [25]
(/usr/local/texlive/2017/texmf-dist/tex/latex/base/utf8.def)
(/usr/local/texlive/2017/texmf-dist/tex/latex/base/utf8.def) [26]
(/usr/local/texlive/2017/texmf-dist/tex/latex/base/utf8.def) [27]
Overfull \hbox (152.56828pt too wide) in paragraph at lines 1594--1599
\T1/ptm/m/n/10 the SO-LAR for-mat, for ex-am-ple, \T1/zi4/m/n/10 "age^1,2,3#sex
" \T1/ptm/m/n/10 that means \T1/zi4/m/n/10 sex age agesex age^2 age^2sex age^3 
age^3*sex\T1/ptm/m/n/10 .

Overfull \hbox (17.93784pt too wide) in paragraph at lines 1606--1610
[]\T1/ptm/m/n/10 a log-i-cal value, in-di-cat-ing whether to screen the fixed e
f-fects (co-vari-ates). \T1/zi4/m/n/10 polygenic

Overfull \hbox (11.56747pt too wide) in paragraph at lines 1623--1627
\T1/ptm/m/n/10 traits. A list of avail-able trans-forms is re-turned by func-ti
on [][]\T1/zi4/m/n/10 availableTransforms[][][]\T1/ptm/m/n/10 .

Overfull \hbox (0.29834pt too wide) in paragraph at lines 1628--1634
\T1/ptm/m/n/10 pa-ram-e-ter makes the \T1/zi4/m/n/10 polygenic \T1/ptm/m/n/10 S
O-LAR call to be like \T1/zi4/m/n/10 polygenic -prob 0.05\T1/ptm/m/n/10 . 

Overfull \hbox (19.34921pt too wide) in paragraph at lines 1640--1646
\T1/ptm/m/n/10 set-ting this pa-ram-e-ter to \T1/zi4/m/n/10 "-testrhoe -testrho
g -testrhoc -testrhop -rhopse"\T1/ptm/m/n/10 .

Overfull \hbox (7.88083pt too wide) in paragraph at lines 1640--1646
\T1/zi4/m/n/10 solar . txbiomedgenetics . org / doc / 91 . appendix _ 1 _ text 
. html # polygenic$[][]\T1/ptm/m/n/10 ).

Overfull \hbox (24.84789pt too wide) in paragraph at lines 1650--1653
[]\T1/ptm/m/n/10 additional pa-ram-e-ters to be passed to other func-tions call
ed in-side of \T1/zi4/m/n/10 solarPolygenic\T1/ptm/m/n/10 .
[28] (/usr/local/texlive/2017/texmf-dist/tex/latex/base/utf8.def) [29]
(/usr/local/texlive/2017/texmf-dist/tex/latex/base/utf8.def)
(/usr/local/texlive/2017/texmf-dist/tex/latex/base/utf8.def)
(/usr/local/texlive/2017/texmf-dist/tex/latex/base/utf8.def) [30]
Overfull \hbox (24.0595pt too wide) in paragraph at lines 1808--1811
\T1/zi4/m/n/10 transformData\T1/ptm/m/n/10 . For ex-am-ple, it might be a pa-ra
m-e-ter \T1/zi4/m/n/10 log.base \T1/ptm/m/n/10 for [][]\T1/zi4/m/n/10 transform
Trait[][][]
(/usr/local/texlive/2017/texmf-dist/tex/latex/base/utf8.def) [31] (./Rd2.ind
[32]

LaTeX Font Warning: Font shape `T1/zi4/m/it' undefined
(Font)              using `T1/zi4/m/n' instead on input line 24.

[33] [34]) (./Rd2.aux)

LaTeX Font Warning: Some font shapes were not available, defaults substituted.

 )
(see the transcript file for additional information){/usr/local/texlive/2017/te
xmf-dist/fonts/enc/dvips/inconsolata/i4-ts1.enc}{/usr/local/texlive/2017/texmf-
dist/fonts/enc/dvips/base/8r.enc}{/usr/local/texlive/2017/texmf-dist/fonts/enc/
dvips/inconsolata/i4-t1-0.enc}</usr/local/texlive/2017/texmf-dist/fonts/type1/p
ublic/inconsolata/Inconsolata-zi4r.pfb></usr/local/texlive/2017/texmf-dist/font
s/type1/urw/helvetic/uhvr8a.pfb></usr/local/texlive/2017/texmf-dist/fonts/type1
/urw/times/utmb8a.pfb></usr/local/texlive/2017/texmf-dist/fonts/type1/urw/times
/utmr8a.pfb></usr/local/texlive/2017/texmf-dist/fonts/type1/urw/times/utmr8a.pf
b></usr/local/texlive/2017/texmf-dist/fonts/type1/urw/times/utmri8a.pfb>
Output written on Rd2.pdf (34 pages, 161194 bytes).
Transcript written on Rd2.log.
Saving output to ‘solarius-manual.pdf’ ...
Done
You may want to clean up by 'rm -Rf /var/folders/fc/n7g_vrvn0sx_st0p8lxb3ts40000gn/T//Rtmpbe4Vni/Rd2pdf62e75ba4ff'
